<?xml version="1.0" encoding="UTF-8"?>
<!-- Generated by org.testng.reporters.JUnitReportReporter -->
<testsuite hostname="hvlkrsclarus" failures="0" tests="1" name="mpack.ThirdTest" time="2.926" errors="0" timestamp="2023-09-06T18:12:46 CEST" skipped="0">
  <testcase classname="mpack.ThirdTest" name="mOne" time="2.926"/>
  <system-out/>
</testsuite> <!-- mpack.ThirdTest -->
